{"numTotalTestSuites":2,"numPassedTestSuites":2,"numFailedTestSuites":0,"numPendingTestSuites":0,"numTotalTests":1,"numPassedTests":1,"numFailedTests":0,"numPendingTests":0,"numTodoTests":0,"snapshot":{"added":0,"failure":false,"filesAdded":0,"filesRemoved":0,"filesRemovedList":[],"filesUnmatched":0,"filesUpdated":0,"matched":0,"total":0,"unchecked":0,"uncheckedKeysByFile":[],"unmatched":0,"updated":0,"didUpdate":false},"startTime":1770701646330,"success":true,"testResults":[{"assertionResults":[{"ancestorTitles":["Smoke Test"],"fullName":"Smoke Test should run successfully","status":"passed","title":"should run successfully","duration":1.352400000000216,"failureMessages":[],"meta":{}}],"startTime":1770701648131,"endTime":1770701648132.3523,"status":"passed","message":"","name":"C:/Users/kcd11/OneDrive/바탕 화면/구독결제플랫폼/CloudNote/cloudnote/app/SmokeTest.test.tsx"}]}